  Source.cpp
c:\users\влад\desktop\универ\oaip\labs\2 сем\sfml\sfml\source.cpp(34): warning C4244: аргумент: преобразование "float" в "T", возможна потеря данных
          with
          [
              T=int
          ]
c:\users\влад\desktop\универ\oaip\labs\2 сем\sfml\sfml\source.cpp(59): warning C4244: инициализация: преобразование "float" в "int", возможна потеря данных
c:\users\влад\desktop\универ\oaip\labs\2 сем\sfml\sfml\source.cpp(60): warning C4244: инициализация: преобразование "float" в "int", возможна потеря данных
c:\users\влад\desktop\универ\oaip\labs\2 сем\sfml\sfml\source.cpp(65): warning C4244: =: преобразование "int" в "float", возможна потеря данных
c:\users\влад\desktop\универ\oaip\labs\2 сем\sfml\sfml\source.cpp(67): warning C4244: =: преобразование "int" в "float", возможна потеря данных
c:\users\влад\desktop\универ\oaip\labs\2 сем\sfml\sfml\source.cpp(118): warning C4244: =: преобразование "float" в "int", возможна потеря данных
c:\users\влад\desktop\универ\oaip\labs\2 сем\sfml\sfml\source.cpp(121): warning C4244: инициализация: преобразование "sf::Int64" в "float", возможна потеря данных
c:\users\влад\desktop\универ\oaip\labs\2 сем\sfml\sfml\source.cpp(137): warning C4305: =: усечение из "double" в "float"
c:\users\влад\desktop\универ\oaip\labs\2 сем\sfml\sfml\source.cpp(138): warning C4244: +=: преобразование "double" в "float", возможна потеря данных
c:\users\влад\desktop\универ\oaip\labs\2 сем\sfml\sfml\source.cpp(147): warning C4305: =: усечение из "double" в "float"
c:\users\влад\desktop\универ\oaip\labs\2 сем\sfml\sfml\source.cpp(148): warning C4244: +=: преобразование "double" в "float", возможна потеря данных
c:\users\влад\desktop\универ\oaip\labs\2 сем\sfml\sfml\source.cpp(156): warning C4305: =: усечение из "double" в "float"
c:\users\влад\desktop\универ\oaip\labs\2 сем\sfml\sfml\source.cpp(157): warning C4244: +=: преобразование "double" в "float", возможна потеря данных
c:\users\влад\desktop\универ\oaip\labs\2 сем\sfml\sfml\source.cpp(165): warning C4305: =: усечение из "double" в "float"
c:\users\влад\desktop\универ\oaip\labs\2 сем\sfml\sfml\source.cpp(166): warning C4244: +=: преобразование "double" в "float", возможна потеря данных
c:\users\влад\desktop\универ\oaip\labs\2 сем\sfml\sfml\source.cpp(184): warning C4244: аргумент: преобразование "int" в "float", возможна потеря данных
c:\users\влад\desktop\универ\oaip\labs\2 сем\sfml\sfml\source.cpp(191): warning C4244: =: преобразование "float" в "int", возможна потеря данных
c:\users\влад\desktop\универ\oaip\labs\2 сем\sfml\sfml\source.cpp(201): warning C4244: аргумент: преобразование "int" в "float", возможна потеря данных
  SFML.vcxproj -> C:\Users\Влад\Desktop\универ\oaip\labs\2 сем\SFML\Debug\SFML.exe
